{
  "0 debug pnpm:scope": {
    "selected": 1
  },
  "1 debug pnpm:package-manifest": {
    "initial": {},
    "prefix": "/Users/kirso/Library/pnpm/store/v3/tmp/dlx-62801"
  },
  "2 debug pnpm:context": {
    "currentLockfileExists": false,
    "storeDir": "/Users/kirso/Library/pnpm/store/v3",
    "virtualStoreDir": "/Users/kirso/Library/pnpm/store/v3/tmp/dlx-62801/node_modules/.pnpm"
  },
  "3 debug pnpm:stage": {
    "prefix": "/Users/kirso/Library/pnpm/store/v3/tmp/dlx-62801",
    "stage": "resolution_started"
  },
  "4 debug pnpm:_dependency_resolved": {
    "resolution": "registry.npmjs.org/i/0.3.7",
    "wanted": {
      "dependentId": ".",
      "name": "i",
      "rawSpec": "latest"
    }
  },
  "5 debug pnpm:progress": {
    "packageId": "registry.npmjs.org/i/0.3.7",
    "requester": "/Users/kirso/Library/pnpm/store/v3/tmp/dlx-62801",
    "status": "resolved"
  },
  "6 debug pnpm:package-manifest": {
    "prefix": "/Users/kirso/Library/pnpm/store/v3/tmp/dlx-62801",
    "updated": {
      "dependencies": {
        "i": "^0.3.7"
      }
    }
  },
  "7 debug pnpm:package-manifest": {
    "prefix": "/Users/kirso/Library/pnpm/store/v3/tmp/dlx-62801",
    "updated": {
      "dependencies": {
        "i": "^0.3.7"
      }
    }
  },
  "8 debug pnpm:stage": {
    "prefix": "/Users/kirso/Library/pnpm/store/v3/tmp/dlx-62801",
    "stage": "resolution_done"
  },
  "9 debug pnpm:stats": {
    "prefix": "/Users/kirso/Library/pnpm/store/v3/tmp/dlx-62801",
    "removed": 0
  },
  "10 debug pnpm:stage": {
    "prefix": "/Users/kirso/Library/pnpm/store/v3/tmp/dlx-62801",
    "stage": "importing_started"
  },
  "11 debug pnpm:stats": {
    "added": 1,
    "prefix": "/Users/kirso/Library/pnpm/store/v3/tmp/dlx-62801"
  },
  "12 debug pnpm:fetching-progress": {
    "attempt": 1,
    "packageId": "registry.npmjs.org/i/0.3.7",
    "size": 13091,
    "status": "started"
  },
  "13 debug pnpm:progress": {
    "packageId": "registry.npmjs.org/i/0.3.7",
    "requester": "/Users/kirso/Library/pnpm/store/v3/tmp/dlx-62801",
    "status": "fetched"
  },
  "14 debug pnpm:package-import-method": {
    "method": "hardlink"
  },
  "15 debug pnpm:progress": {
    "method": "hardlink",
    "requester": "/Users/kirso/Library/pnpm/store/v3/tmp/dlx-62801",
    "status": "imported",
    "to": "/Users/kirso/Library/pnpm/store/v3/tmp/dlx-62801/node_modules/.pnpm/i@0.3.7/node_modules/i"
  },
  "16 debug pnpm:stage": {
    "prefix": "/Users/kirso/Library/pnpm/store/v3/tmp/dlx-62801",
    "stage": "importing_done"
  },
  "17 debug pnpm:link": {
    "target": "/Users/kirso/Library/pnpm/store/v3/tmp/dlx-62801/node_modules/.pnpm/i@0.3.7/node_modules/i",
    "link": "/Users/kirso/Library/pnpm/store/v3/tmp/dlx-62801/node_modules/i"
  },
  "18 debug pnpm:root": {
    "added": {
      "dependencyType": "prod",
      "id": "registry.npmjs.org/i/0.3.7",
      "name": "i",
      "realName": "i",
      "version": "0.3.7"
    },
    "prefix": "/Users/kirso/Library/pnpm/store/v3/tmp/dlx-62801"
  },
  "19 debug pnpm:summary": {
    "prefix": "/Users/kirso/Library/pnpm/store/v3/tmp/dlx-62801"
  },
  "20 error pnpm": {
    "code": "ERR_PNPM_DLX_NO_BIN",
    "err": {
      "name": "pnpm",
      "message": "No binaries found in i",
      "code": "ERR_PNPM_DLX_NO_BIN",
      "stack": "pnpm: No binaries found in i\n    at getBinName (/usr/local/Cellar/pnpm/7.4.1/libexec/lib/node_modules/pnpm/dist/pnpx.cjs:183495:15)\n    at async Object.handler [as dlx] (/usr/local/Cellar/pnpm/7.4.1/libexec/lib/node_modules/pnpm/dist/pnpx.cjs:183479:48)\n    at async /usr/local/Cellar/pnpm/7.4.1/libexec/lib/node_modules/pnpm/dist/pnpx.cjs:192579:21\n    at async run (/usr/local/Cellar/pnpm/7.4.1/libexec/lib/node_modules/pnpm/dist/pnpx.cjs:192553:34)\n    at async /usr/local/Cellar/pnpm/7.4.1/libexec/lib/node_modules/pnpm/dist/pnpx.cjs:192625:5"
    }
  }
}